<?xml version="1.0" encoding="UTF-8"?>
<!-- Generated by org.testng.reporters.JUnitXMLReporter -->
<testsuite hostname="LPTIN453" ignored="1" name="Default test(failed)" tests="4" failures="0" timestamp="2020-06-03T20:19:03 IST" time="22.155" errors="0">
  <testcase name="CreateAdPrograms" time="12.061" classname="Configuration.AcademicRecords.TestCases.TC011_AdPrograms"/>
  <testcase name="CreateAdPrograms" time="4.055" classname="Configuration.AcademicRecords.TestCases.TC011_AdPrograms"/>
  <testcase name="GetandDeleteAdPrograms" time="2.893" classname="Configuration.AcademicRecords.TestCases.TC011_AdPrograms"/>
  <testcase name="GetandDeleteAdPrograms" time="2.174" classname="Configuration.AcademicRecords.TestCases.TC011_AdPrograms"/>
  <testcase name="CodeAlreadyExistsValidationAdPrograms" time="0.0" classname="Configuration.AcademicRecords.TestCases.TC011_AdPrograms">
    <ignored/>
  </testcase> <!-- CodeAlreadyExistsValidationAdPrograms -->
</testsuite> <!-- Default test(failed) -->
