<?xml version="1.0" encoding="UTF-8"?>
<!-- Generated by org.testng.reporters.JUnitXMLReporter -->
<testsuite hostname="LPTIN453" name="Default test" tests="5" failures="0" timestamp="13 May 2020 19:39:51 GMT" time="4.64" errors="0">
  <testcase name="SetUpBaseURL" time="0.463" classname="com.student.TestCases.TC003_SAPStatusCRUDTestCases"/>
  <testcase name="CreatefaSAPStatus" time="2.242" classname="com.student.TestCases.TC003_SAPStatusCRUDTestCases"/>
  <testcase name="CreateCodeAlreadyExistsValidationfaSAPStatus" time="0.571" classname="com.student.TestCases.TC003_SAPStatusCRUDTestCases"/>
  <testcase name="GetEditModefaSAPStatus" time="0.683" classname="com.student.TestCases.TC003_SAPStatusCRUDTestCases"/>
  <testcase name="EditfaSAPStatus" time="0.658" classname="com.student.TestCases.TC003_SAPStatusCRUDTestCases"/>
</testsuite> <!-- Default test -->
