<?xml version="1.0" encoding="UTF-8"?>
<!-- Generated by org.testng.reporters.JUnitXMLReporter -->
<testsuite hostname="LPTIN453" name="Default test" tests="5" failures="0" timestamp="13 May 2020 19:24:48 GMT" time="177.296" errors="0">
  <testcase name="SetUpBaseURL" time="0.509" classname="com.student.TestCases.TC001_SAPStatusCRUDTestCases"/>
  <testcase name="CreatefaSAPStatus" time="2.352" classname="com.student.TestCases.TC001_SAPStatusCRUDTestCases"/>
  <testcase name="CreateCodeAlreadyExistsValidationfaSAPStatus" time="0.693" classname="com.student.TestCases.TC001_SAPStatusCRUDTestCases"/>
  <testcase name="GetEditModefaSAPStatus" time="78.454" classname="com.student.TestCases.TC001_SAPStatusCRUDTestCases"/>
  <testcase name="EditfaSAPStatus" time="86.754" classname="com.student.TestCases.TC001_SAPStatusCRUDTestCases"/>
</testsuite> <!-- Default test -->
