<?xml version="1.0" encoding="UTF-8"?>
<!-- Generated by org.testng.reporters.JUnitXMLReporter -->
<testsuite hostname="LPTIN453" name="Command line test" tests="11" failures="0" timestamp="17 May 2020 11:46:06 GMT" time="8.805" errors="0">
  <testcase name="CreateVisaType" time="2.154" classname="com.student.Configuration.TestCases.TC001_VisaTypeCRUDTestCase"/>
  <testcase name="CreateRecordBudgets" time="0.814" classname="com.student.Configuration.TestCases.TC002_BudgetsCRUDTestCase"/>
  <testcase name="CodeValidationinewNewMode" time="0.601" classname="com.student.Configuration.TestCases.TC001_VisaTypeCRUDTestCase"/>
  <testcase name="GetEditBudgets" time="0.613" classname="com.student.Configuration.TestCases.TC002_BudgetsCRUDTestCase"/>
  <testcase name="GetforEditVisaType" time="0.597" classname="com.student.Configuration.TestCases.TC001_VisaTypeCRUDTestCase"/>
  <testcase name="EditRecordBudgets" time="0.623" classname="com.student.Configuration.TestCases.TC002_BudgetsCRUDTestCase"/>
  <testcase name="EditVisaType" time="0.549" classname="com.student.Configuration.TestCases.TC001_VisaTypeCRUDTestCase"/>
  <testcase name="GetDeleteBudgets" time="0.554" classname="com.student.Configuration.TestCases.TC002_BudgetsCRUDTestCase"/>
  <testcase name="GetforDeleteVisaType" time="0.55" classname="com.student.Configuration.TestCases.TC001_VisaTypeCRUDTestCase"/>
  <testcase name="DeleteRecordBudgets" time="0.68" classname="com.student.Configuration.TestCases.TC002_BudgetsCRUDTestCase"/>
  <testcase name="DeleteVisaType" time="0.594" classname="com.student.Configuration.TestCases.TC001_VisaTypeCRUDTestCase"/>
</testsuite> <!-- Command line test -->
