<?xml version="1.0" encoding="UTF-8"?>
<!-- Generated by org.testng.reporters.JUnitXMLReporter -->
<testsuite hostname="LPTIN453" name="Command line test" tests="11" failures="0" timestamp="13 May 2020 12:17:53 GMT" time="33.172" errors="0">
  <testcase name="CreateVisaType" time="15.905" classname="com.student.TestCases.TC001_VisaTypeCRUDTestCase"/>
  <testcase name="CreateRecordBudgets" time="8.887" classname="com.student.TestCases.TC002_BudgetsCRUDTestCase"/>
  <testcase name="CodeValidationinewNewMode" time="0.723" classname="com.student.TestCases.TC001_VisaTypeCRUDTestCase"/>
  <testcase name="GetEditBudgets" time="0.832" classname="com.student.TestCases.TC002_BudgetsCRUDTestCase"/>
  <testcase name="GetforEditVisaType" time="0.773" classname="com.student.TestCases.TC001_VisaTypeCRUDTestCase"/>
  <testcase name="EditRecordBudgets" time="0.866" classname="com.student.TestCases.TC002_BudgetsCRUDTestCase"/>
  <testcase name="EditVisaType" time="0.994" classname="com.student.TestCases.TC001_VisaTypeCRUDTestCase"/>
  <testcase name="GetDeleteBudgets" time="0.812" classname="com.student.TestCases.TC002_BudgetsCRUDTestCase"/>
  <testcase name="GetforDeleteVisaType" time="0.775" classname="com.student.TestCases.TC001_VisaTypeCRUDTestCase"/>
  <testcase name="DeleteRecordBudgets" time="1.128" classname="com.student.TestCases.TC002_BudgetsCRUDTestCase"/>
  <testcase name="DeleteVisaType" time="0.816" classname="com.student.TestCases.TC001_VisaTypeCRUDTestCase"/>
</testsuite> <!-- Command line test -->
