<?xml version="1.0" encoding="UTF-8"?>
<!-- Generated by org.testng.reporters.JUnitXMLReporter -->
<testsuite hostname="LPTIN453" name="Command line test" tests="2" failures="2" timestamp="10 May 2020 09:49:55 GMT" time="0.489" errors="0">
  <testcase name="CreateNewVisaType" time="0.047" classname="TestCases.TC001_VisaTypeTestCase">
    <failure type="java.lang.IllegalArgumentException" message="Invalid format: &amp;quot;2020-01-05 11:23:01&amp;quot; is malformed at &amp;quot;-01-05 11:23:01&amp;quot;">
      <![CDATA[java.lang.IllegalArgumentException: Invalid format: "2020-01-05 11:23:01" is malformed at "-01-05 11:23:01"
	at org.joda.time.format.DateTimeFormatter.parseDateTime(DateTimeFormatter.java:945)
	at TestCases.TC001_VisaTypeTestCase.CreateNewVisaType(TC001_VisaTypeTestCase.java:46)
... Removed 33 stack frames]]>
    </failure>
  </testcase> <!-- CreateNewVisaType -->
  <testcase name="CreateNewVisaType" time="0.0" classname="TestCases.TC001_VisaTypeTestCase">
    <failure type="java.lang.IllegalArgumentException" message="Invalid format: &amp;quot;2020-01-06 11:23:01&amp;quot; is malformed at &amp;quot;-01-06 11:23:01&amp;quot;">
      <![CDATA[java.lang.IllegalArgumentException: Invalid format: "2020-01-06 11:23:01" is malformed at "-01-06 11:23:01"
	at org.joda.time.format.DateTimeFormatter.parseDateTime(DateTimeFormatter.java:945)
	at TestCases.TC001_VisaTypeTestCase.CreateNewVisaType(TC001_VisaTypeTestCase.java:46)
... Removed 33 stack frames]]>
    </failure>
  </testcase> <!-- CreateNewVisaType -->
</testsuite> <!-- Command line test -->
