<?xml version="1.0" encoding="UTF-8" ?>
<testsuite tests="11" failures="0" name="TestSuite" time="24.707" errors="0" skipped="0">
  <properties>
[...]
</properties>
  <testcase classname="com.student.TestCases.TC001_VisaTypeCRUDTestCase" name="CreateVisaType" time="12.494"/>
  <testcase classname="com.student.TestCases.TC002_BudgetsCRUDTestCase" name="CreateRecordBudgets" time="6.283"/>
  <testcase classname="com.student.TestCases.TC001_VisaTypeCRUDTestCase" name="CodeValidationinewNewMode" time="0.647"/>
  <testcase classname="com.student.TestCases.TC002_BudgetsCRUDTestCase" name="GetEditBudgets" time="0.658"/>
  <testcase classname="com.student.TestCases.TC001_VisaTypeCRUDTestCase" name="GetforEditVisaType" time="0.658"/>
  <testcase classname="com.student.TestCases.TC002_BudgetsCRUDTestCase" name="EditRecordBudgets" time="0.718"/>
  <testcase classname="com.student.TestCases.TC001_VisaTypeCRUDTestCase" name="EditVisaType" time="0.701"/>
  <testcase classname="com.student.TestCases.TC002_BudgetsCRUDTestCase" name="GetDeleteBudgets" time="0.596"/>
  <testcase classname="com.student.TestCases.TC001_VisaTypeCRUDTestCase" name="GetforDeleteVisaType" time="0.595"/>
  <testcase classname="com.student.TestCases.TC002_BudgetsCRUDTestCase" name="DeleteRecordBudgets" time="0.679"/>
  <testcase classname="com.student.TestCases.TC001_VisaTypeCRUDTestCase" name="DeleteVisaType" time="0.678"/>
</testsuite>