<?xml version="1.0" encoding="UTF-8"?>
<testng-results skipped="0" failed="0" total="11" passed="11">
  <reporter-output>
  </reporter-output>
  <suite name="Command line suite" duration-ms="25557" started-at="2020-05-12T07:17:01Z" finished-at="2020-05-12T07:17:26Z">
    <groups>
    </groups>
    <test name="Command line test" duration-ms="25557" started-at="2020-05-12T07:17:01Z" finished-at="2020-05-12T07:17:26Z">
      <class name="com.student.TestCases.TC001_VisaTypeCRUDTestCase">
        <test-method status="PASS" signature="setUpURL()[pri:0, instance:com.student.TestCases.TC001_VisaTypeCRUDTestCase@7a3d45bd]" name="setUpURL" is-config="true" duration-ms="812" started-at="2020-05-12T12:47:01Z" finished-at="2020-05-12T12:47:02Z">
          <reporter-output>
          </reporter-output>
        </test-method> <!-- setUpURL -->
        <test-method status="PASS" signature="CreateVisaType(java.lang.String, java.lang.String, java.lang.String, java.lang.String, java.lang.String, java.lang.String, java.lang.String, java.lang.String, java.lang.String)[pri:1, instance:com.student.TestCases.TC001_VisaTypeCRUDTestCase@7a3d45bd]" name="CreateVisaType" duration-ms="12491" started-at="2020-05-12T12:47:02Z" data-provider="setDataforNewVisaType" finished-at="2020-05-12T12:47:14Z">
          <params>
            <param index="0">
              <value>
                <![CDATA[-1]]>
              </value>
            </param>
            <param index="1">
              <value>
                <![CDATA[Code3]]>
              </value>
            </param>
            <param index="2">
              <value>
                <![CDATA[2020/01/06 11:23:01]]>
              </value>
            </param>
            <param index="3">
              <value>
                <![CDATA[TRUE]]>
              </value>
            </param>
            <param index="4">
              <value>
                <![CDATA[FALSE]]>
              </value>
            </param>
            <param index="5">
              <value>
                <![CDATA[FALSE]]>
              </value>
            </param>
            <param index="6">
              <value>
                <![CDATA[2020/01/06 11:23:01]]>
              </value>
            </param>
            <param index="7">
              <value>
                <![CDATA[2]]>
              </value>
            </param>
            <param index="8">
              <value>
                <![CDATA[Name3]]>
              </value>
            </param>
          </params>
          <reporter-output>
          </reporter-output>
        </test-method> <!-- CreateVisaType -->
        <test-method status="PASS" signature="setUpURL()[pri:0, instance:com.student.TestCases.TC001_VisaTypeCRUDTestCase@7a3d45bd]" name="setUpURL" is-config="true" duration-ms="1" started-at="2020-05-12T12:47:20Z" finished-at="2020-05-12T12:47:20Z">
          <reporter-output>
          </reporter-output>
        </test-method> <!-- setUpURL -->
        <test-method status="PASS" signature="CodeValidationinewNewMode(java.lang.String, java.lang.String, java.lang.String, java.lang.String, java.lang.String, java.lang.String, java.lang.String, java.lang.String, java.lang.String)[pri:2, instance:com.student.TestCases.TC001_VisaTypeCRUDTestCase@7a3d45bd]" name="CodeValidationinewNewMode" duration-ms="646" started-at="2020-05-12T12:47:20Z" data-provider="setDataforNewVisaType" finished-at="2020-05-12T12:47:21Z">
          <params>
            <param index="0">
              <value>
                <![CDATA[-1]]>
              </value>
            </param>
            <param index="1">
              <value>
                <![CDATA[Code3]]>
              </value>
            </param>
            <param index="2">
              <value>
                <![CDATA[2020/01/06 11:23:01]]>
              </value>
            </param>
            <param index="3">
              <value>
                <![CDATA[TRUE]]>
              </value>
            </param>
            <param index="4">
              <value>
                <![CDATA[FALSE]]>
              </value>
            </param>
            <param index="5">
              <value>
                <![CDATA[FALSE]]>
              </value>
            </param>
            <param index="6">
              <value>
                <![CDATA[2020/01/06 11:23:01]]>
              </value>
            </param>
            <param index="7">
              <value>
                <![CDATA[2]]>
              </value>
            </param>
            <param index="8">
              <value>
                <![CDATA[Name3]]>
              </value>
            </param>
          </params>
          <reporter-output>
          </reporter-output>
        </test-method> <!-- CodeValidationinewNewMode -->
        <test-method status="PASS" signature="setUpURL()[pri:0, instance:com.student.TestCases.TC001_VisaTypeCRUDTestCase@7a3d45bd]" name="setUpURL" is-config="true" duration-ms="4" started-at="2020-05-12T12:47:22Z" finished-at="2020-05-12T12:47:22Z">
          <reporter-output>
          </reporter-output>
        </test-method> <!-- setUpURL -->
        <test-method status="PASS" signature="GetforEditVisaType()[pri:3, instance:com.student.TestCases.TC001_VisaTypeCRUDTestCase@7a3d45bd]" name="GetforEditVisaType" duration-ms="658" started-at="2020-05-12T12:47:22Z" finished-at="2020-05-12T12:47:22Z">
          <reporter-output>
          </reporter-output>
        </test-method> <!-- GetforEditVisaType -->
        <test-method status="PASS" signature="setUpURL()[pri:0, instance:com.student.TestCases.TC001_VisaTypeCRUDTestCase@7a3d45bd]" name="setUpURL" is-config="true" duration-ms="0" started-at="2020-05-12T12:47:23Z" finished-at="2020-05-12T12:47:23Z">
          <reporter-output>
          </reporter-output>
        </test-method> <!-- setUpURL -->
        <test-method status="PASS" signature="EditVisaType(java.lang.String, java.lang.String, java.lang.String, java.lang.String, java.lang.String, java.lang.String, java.lang.String, java.lang.String)[pri:4, instance:com.student.TestCases.TC001_VisaTypeCRUDTestCase@7a3d45bd]" name="EditVisaType" duration-ms="701" started-at="2020-05-12T12:47:23Z" data-provider="setDataforEditVisaType" finished-at="2020-05-12T12:47:24Z">
          <params>
            <param index="0">
              <value>
                <![CDATA[CodeUpa]]>
              </value>
            </param>
            <param index="1">
              <value>
                <![CDATA[2020/01/06 11:23:01]]>
              </value>
            </param>
            <param index="2">
              <value>
                <![CDATA[TRUE]]>
              </value>
            </param>
            <param index="3">
              <value>
                <![CDATA[FALSE]]>
              </value>
            </param>
            <param index="4">
              <value>
                <![CDATA[FALSE]]>
              </value>
            </param>
            <param index="5">
              <value>
                <![CDATA[2020/01/06 11:23:01]]>
              </value>
            </param>
            <param index="6">
              <value>
                <![CDATA[2]]>
              </value>
            </param>
            <param index="7">
              <value>
                <![CDATA[Name2Updated]]>
              </value>
            </param>
          </params>
          <reporter-output>
          </reporter-output>
        </test-method> <!-- EditVisaType -->
        <test-method status="PASS" signature="setUpURL()[pri:0, instance:com.student.TestCases.TC001_VisaTypeCRUDTestCase@7a3d45bd]" name="setUpURL" is-config="true" duration-ms="1" started-at="2020-05-12T12:47:24Z" finished-at="2020-05-12T12:47:24Z">
          <reporter-output>
          </reporter-output>
        </test-method> <!-- setUpURL -->
        <test-method status="PASS" signature="GetforDeleteVisaType()[pri:5, instance:com.student.TestCases.TC001_VisaTypeCRUDTestCase@7a3d45bd]" name="GetforDeleteVisaType" duration-ms="595" started-at="2020-05-12T12:47:24Z" finished-at="2020-05-12T12:47:25Z">
          <reporter-output>
          </reporter-output>
        </test-method> <!-- GetforDeleteVisaType -->
        <test-method status="PASS" signature="setUpURL()[pri:0, instance:com.student.TestCases.TC001_VisaTypeCRUDTestCase@7a3d45bd]" name="setUpURL" is-config="true" duration-ms="1" started-at="2020-05-12T12:47:26Z" finished-at="2020-05-12T12:47:26Z">
          <reporter-output>
          </reporter-output>
        </test-method> <!-- setUpURL -->
        <test-method status="PASS" signature="DeleteVisaType(java.lang.String, java.lang.String, java.lang.String, java.lang.String, java.lang.String, java.lang.String, java.lang.String, java.lang.String)[pri:6, instance:com.student.TestCases.TC001_VisaTypeCRUDTestCase@7a3d45bd]" name="DeleteVisaType" duration-ms="677" started-at="2020-05-12T12:47:26Z" data-provider="setDataforEditVisaType" finished-at="2020-05-12T12:47:26Z">
          <params>
            <param index="0">
              <value>
                <![CDATA[CodeUpa]]>
              </value>
            </param>
            <param index="1">
              <value>
                <![CDATA[2020/01/06 11:23:01]]>
              </value>
            </param>
            <param index="2">
              <value>
                <![CDATA[TRUE]]>
              </value>
            </param>
            <param index="3">
              <value>
                <![CDATA[FALSE]]>
              </value>
            </param>
            <param index="4">
              <value>
                <![CDATA[FALSE]]>
              </value>
            </param>
            <param index="5">
              <value>
                <![CDATA[2020/01/06 11:23:01]]>
              </value>
            </param>
            <param index="6">
              <value>
                <![CDATA[2]]>
              </value>
            </param>
            <param index="7">
              <value>
                <![CDATA[Name2Updated]]>
              </value>
            </param>
          </params>
          <reporter-output>
          </reporter-output>
        </test-method> <!-- DeleteVisaType -->
      </class> <!-- com.student.TestCases.TC001_VisaTypeCRUDTestCase -->
      <class name="com.student.TestCases.TC002_BudgetsCRUDTestCase">
        <test-method status="PASS" signature="Setup()[pri:0, instance:com.student.TestCases.TC002_BudgetsCRUDTestCase@1e7c7811]" name="Setup" is-config="true" duration-ms="2" started-at="2020-05-12T12:47:14Z" finished-at="2020-05-12T12:47:14Z">
          <reporter-output>
          </reporter-output>
        </test-method> <!-- Setup -->
        <test-method status="PASS" signature="CreateRecordBudgets(java.lang.String, java.lang.String, java.lang.String, java.lang.String, java.lang.String, java.lang.String, java.lang.String, java.lang.String, java.lang.String, java.lang.String, java.lang.String, java.lang.String, java.lang.String, java.lang.String, java.lang.String, java.lang.String, java.lang.String, java.lang.String, java.lang.String, java.lang.String, java.lang.String, java.lang.String, java.lang.String, java.lang.String, java.lang.String, java.lang.String, java.lang.String, java.lang.String, java.lang.String, java.lang.String, java.lang.String, java.lang.String, java.lang.String, java.lang.String, java.lang.String, java.lang.String, java.lang.String, java.lang.String, java.lang.String, java.lang.String, java.lang.String, java.lang.String, java.lang.String, java.lang.String, java.lang.String, java.lang.String, java.lang.String, java.lang.String, java.lang.String, java.lang.String, java.lang.String, java.lang.String, java.lang.String, java.lang.String, java.lang.String, java.lang.String, java.lang.String, java.lang.String, java.lang.String, java.lang.String, java.lang.String, java.lang.String, java.lang.String, java.lang.String, java.lang.String, java.lang.String, java.lang.String, java.lang.String, java.lang.String, java.lang.String, java.lang.String, java.lang.String, java.lang.String, java.lang.String, java.lang.String, java.lang.String, java.lang.String, java.lang.String, java.lang.String, java.lang.String, java.lang.String, java.lang.String, java.lang.String, java.lang.String, java.lang.String, java.lang.String, java.lang.String, java.lang.String, java.lang.String, java.lang.String, java.lang.String)[pri:1, instance:com.student.TestCases.TC002_BudgetsCRUDTestCase@1e7c7811]" name="CreateRecordBudgets" duration-ms="6282" started-at="2020-05-12T12:47:14Z" data-provider="setNewData" finished-at="2020-05-12T12:47:20Z">
          <params>
            <param index="0">
              <value>
                <![CDATA[-1]]>
              </value>
            </param>
            <param index="1">
              <value>
                <![CDATA[2]]>
              </value>
            </param>
            <param index="2">
              <value>
                <![CDATA[516208]]>
              </value>
            </param>
            <param index="3">
              <value>
                <![CDATA[Code]]>
              </value>
            </param>
            <param index="4">
              <value>
                <![CDATA[2020/05/11 15:57:47]]>
              </value>
            </param>
            <param index="5">
              <value>
                <![CDATA[B]]>
              </value>
            </param>
            <param index="6">
              <value>
                <![CDATA[true]]>
              </value>
            </param>
            <param index="7">
              <value>
                <![CDATA[false]]>
              </value>
            </param>
            <param index="8">
              <value>
                <![CDATA[false]]>
              </value>
            </param>
            <param index="9">
              <value>
                <![CDATA[false]]>
              </value>
            </param>
            <param index="10">
              <value>
                <![CDATA[false]]>
              </value>
            </param>
            <param index="11">
              <value>
                <![CDATA[false]]>
              </value>
            </param>
            <param index="12">
              <value>
                <![CDATA[false]]>
              </value>
            </param>
            <param index="13">
              <value>
                <![CDATA[false]]>
              </value>
            </param>
            <param index="14">
              <value>
                <![CDATA[false]]>
              </value>
            </param>
            <param index="15">
              <value>
                <![CDATA[false]]>
              </value>
            </param>
            <param index="16">
              <value>
                <![CDATA[false]]>
              </value>
            </param>
            <param index="17">
              <value>
                <![CDATA[false]]>
              </value>
            </param>
            <param index="18">
              <value>
                <![CDATA[false]]>
              </value>
            </param>
            <param index="19">
              <value>
                <![CDATA[false]]>
              </value>
            </param>
            <param index="20">
              <value>
                <![CDATA[false]]>
              </value>
            </param>
            <param index="21">
              <value>
                <![CDATA[false]]>
              </value>
            </param>
            <param index="22">
              <value>
                <![CDATA[false]]>
              </value>
            </param>
            <param index="23">
              <value>
                <![CDATA[false]]>
              </value>
            </param>
            <param index="24">
              <value>
                <![CDATA[false]]>
              </value>
            </param>
            <param index="25">
              <value>
                <![CDATA[false]]>
              </value>
            </param>
            <param index="26">
              <value>
                <![CDATA[false]]>
              </value>
            </param>
            <param index="27">
              <value>
                <![CDATA[false]]>
              </value>
            </param>
            <param index="28">
              <value>
                <![CDATA[false]]>
              </value>
            </param>
            <param index="29">
              <value>
                <![CDATA[false]]>
              </value>
            </param>
            <param index="30">
              <value>
                <![CDATA[false]]>
              </value>
            </param>
            <param index="31">
              <value>
                <![CDATA[false]]>
              </value>
            </param>
            <param index="32">
              <value>
                <![CDATA[2020/05/11 15:57:47]]>
              </value>
            </param>
            <param index="33">
              <value>
                <![CDATA[2]]>
              </value>
            </param>
            <param index="34">
              <value>
                <![CDATA[NewBudgets189]]>
              </value>
            </param>
            <param index="35">
              <value>
                <![CDATA[3]]>
              </value>
            </param>
            <param index="36">
              <value>
                <![CDATA[4]]>
              </value>
            </param>
            <param index="37">
              <value>
                <![CDATA[5]]>
              </value>
            </param>
            <param index="38">
              <value>
                <![CDATA[4]]>
              </value>
            </param>
            <param index="39">
              <value>
                <![CDATA[9]]>
              </value>
            </param>
            <param index="40">
              <value>
                <![CDATA[9]]>
              </value>
            </param>
            <param index="41">
              <value>
                <![CDATA[9]]>
              </value>
            </param>
            <param index="42">
              <value>
                <![CDATA[9]]>
              </value>
            </param>
            <param index="43">
              <value>
                <![CDATA[offCampusOtherDesc1]]>
              </value>
            </param>
            <param index="44">
              <value>
                <![CDATA[offCampusOtherDesc2]]>
              </value>
            </param>
            <param index="45">
              <value>
                <![CDATA[offCampusOtherDesc3]]>
              </value>
            </param>
            <param index="46">
              <value>
                <![CDATA[offCampusOtherDesc4]]>
              </value>
            </param>
            <param index="47">
              <value>
                <![CDATA[offCampusOtherDesc5]]>
              </value>
            </param>
            <param index="48">
              <value>
                <![CDATA[offCampusOtherDesc6]]>
              </value>
            </param>
            <param index="49">
              <value>
                <![CDATA[offCampusOtherDesc7]]>
              </value>
            </param>
            <param index="50">
              <value>
                <![CDATA[offCampusOtherDesc8]]>
              </value>
            </param>
            <param index="51">
              <value>
                <![CDATA[2]]>
              </value>
            </param>
            <param index="52">
              <value>
                <![CDATA[3]]>
              </value>
            </param>
            <param index="53">
              <value>
                <![CDATA[1]]>
              </value>
            </param>
            <param index="54">
              <value>
                <![CDATA[2]]>
              </value>
            </param>
            <param index="55">
              <value>
                <![CDATA[3]]>
              </value>
            </param>
            <param index="56">
              <value>
                <![CDATA[4]]>
              </value>
            </param>
            <param index="57">
              <value>
                <![CDATA[5]]>
              </value>
            </param>
            <param index="58">
              <value>
                <![CDATA[6]]>
              </value>
            </param>
            <param index="59">
              <value>
                <![CDATA[7]]>
              </value>
            </param>
            <param index="60">
              <value>
                <![CDATA[8]]>
              </value>
            </param>
            <param index="61">
              <value>
                <![CDATA[onCampusOtherDesc1]]>
              </value>
            </param>
            <param index="62">
              <value>
                <![CDATA[onCampusOtherDesc2]]>
              </value>
            </param>
            <param index="63">
              <value>
                <![CDATA[onCampusOtherDesc3]]>
              </value>
            </param>
            <param index="64">
              <value>
                <![CDATA[onCampusOtherDesc4]]>
              </value>
            </param>
            <param index="65">
              <value>
                <![CDATA[onCampusOtherDesc5]]>
              </value>
            </param>
            <param index="66">
              <value>
                <![CDATA[onCampusOtherDesc6]]>
              </value>
            </param>
            <param index="67">
              <value>
                <![CDATA[onCampusOtherDesc7]]>
              </value>
            </param>
            <param index="68">
              <value>
                <![CDATA[onCampusOtherDesc8]]>
              </value>
            </param>
            <param index="69">
              <value>
                <![CDATA[4]]>
              </value>
            </param>
            <param index="70">
              <value>
                <![CDATA[5]]>
              </value>
            </param>
            <param index="71">
              <value>
                <![CDATA[1]]>
              </value>
            </param>
            <param index="72">
              <value>
                <![CDATA[2]]>
              </value>
            </param>
            <param index="73">
              <value>
                <![CDATA[3]]>
              </value>
            </param>
            <param index="74">
              <value>
                <![CDATA[4]]>
              </value>
            </param>
            <param index="75">
              <value>
                <![CDATA[5]]>
              </value>
            </param>
            <param index="76">
              <value>
                <![CDATA[6]]>
              </value>
            </param>
            <param index="77">
              <value>
                <![CDATA[7]]>
              </value>
            </param>
            <param index="78">
              <value>
                <![CDATA[8]]>
              </value>
            </param>
            <param index="79">
              <value>
                <![CDATA[otherDesc1]]>
              </value>
            </param>
            <param index="80">
              <value>
                <![CDATA[otherDesc2]]>
              </value>
            </param>
            <param index="81">
              <value>
                <![CDATA[otherDesc3]]>
              </value>
            </param>
            <param index="82">
              <value>
                <![CDATA[otherDesc4]]>
              </value>
            </param>
            <param index="83">
              <value>
                <![CDATA[otherDesc5]]>
              </value>
            </param>
            <param index="84">
              <value>
                <![CDATA[otherDesc6]]>
              </value>
            </param>
            <param index="85">
              <value>
                <![CDATA[otherDesc7]]>
              </value>
            </param>
            <param index="86">
              <value>
                <![CDATA[otherDesc8]]>
              </value>
            </param>
            <param index="87">
              <value>
                <![CDATA[4]]>
              </value>
            </param>
            <param index="88">
              <value>
                <![CDATA[5]]>
              </value>
            </param>
            <param index="89">
              <value>
                <![CDATA[6]]>
              </value>
            </param>
            <param index="90">
              <value>
                <![CDATA[false]]>
              </value>
            </param>
          </params>
          <reporter-output>
          </reporter-output>
        </test-method> <!-- CreateRecordBudgets -->
        <test-method status="PASS" signature="Setup()[pri:0, instance:com.student.TestCases.TC002_BudgetsCRUDTestCase@1e7c7811]" name="Setup" is-config="true" duration-ms="2" started-at="2020-05-12T12:47:21Z" finished-at="2020-05-12T12:47:21Z">
          <reporter-output>
          </reporter-output>
        </test-method> <!-- Setup -->
        <test-method status="PASS" signature="GetEditBudgets()[pri:2, instance:com.student.TestCases.TC002_BudgetsCRUDTestCase@1e7c7811]" name="GetEditBudgets" duration-ms="658" started-at="2020-05-12T12:47:21Z" finished-at="2020-05-12T12:47:22Z">
          <reporter-output>
          </reporter-output>
        </test-method> <!-- GetEditBudgets -->
        <test-method status="PASS" signature="Setup()[pri:0, instance:com.student.TestCases.TC002_BudgetsCRUDTestCase@1e7c7811]" name="Setup" is-config="true" duration-ms="4" started-at="2020-05-12T12:47:22Z" finished-at="2020-05-12T12:47:22Z">
          <reporter-output>
          </reporter-output>
        </test-method> <!-- Setup -->
        <test-method status="PASS" signature="EditRecordBudgets(java.lang.String, java.lang.String, java.lang.String, java.lang.String, java.lang.String, java.lang.String, java.lang.String, java.lang.String, java.lang.String, java.lang.String, java.lang.String, java.lang.String, java.lang.String, java.lang.String, java.lang.String, java.lang.String, java.lang.String, java.lang.String, java.lang.String, java.lang.String, java.lang.String, java.lang.String, java.lang.String, java.lang.String, java.lang.String, java.lang.String, java.lang.String, java.lang.String, java.lang.String, java.lang.String, java.lang.String, java.lang.String, java.lang.String, java.lang.String, java.lang.String, java.lang.String, java.lang.String, java.lang.String, java.lang.String, java.lang.String, java.lang.String, java.lang.String, java.lang.String, java.lang.String, java.lang.String, java.lang.String, java.lang.String, java.lang.String, java.lang.String, java.lang.String, java.lang.String, java.lang.String, java.lang.String, java.lang.String, java.lang.String, java.lang.String, java.lang.String, java.lang.String, java.lang.String, java.lang.String, java.lang.String, java.lang.String, java.lang.String, java.lang.String, java.lang.String, java.lang.String, java.lang.String, java.lang.String, java.lang.String, java.lang.String, java.lang.String, java.lang.String, java.lang.String, java.lang.String, java.lang.String, java.lang.String, java.lang.String, java.lang.String, java.lang.String, java.lang.String, java.lang.String, java.lang.String, java.lang.String, java.lang.String, java.lang.String, java.lang.String, java.lang.String, java.lang.String, java.lang.String, java.lang.String, java.lang.String)[pri:3, instance:com.student.TestCases.TC002_BudgetsCRUDTestCase@1e7c7811]" name="EditRecordBudgets" duration-ms="717" started-at="2020-05-12T12:47:22Z" data-provider="setEditData" finished-at="2020-05-12T12:47:23Z">
          <params>
            <param index="0">
              <value>
                <![CDATA[-1]]>
              </value>
            </param>
            <param index="1">
              <value>
                <![CDATA[2]]>
              </value>
            </param>
            <param index="2">
              <value>
                <![CDATA[516208]]>
              </value>
            </param>
            <param index="3">
              <value>
                <![CDATA[CodeUpda]]>
              </value>
            </param>
            <param index="4">
              <value>
                <![CDATA[2020/05/11 15:57:47]]>
              </value>
            </param>
            <param index="5">
              <value>
                <![CDATA[B]]>
              </value>
            </param>
            <param index="6">
              <value>
                <![CDATA[true]]>
              </value>
            </param>
            <param index="7">
              <value>
                <![CDATA[true]]>
              </value>
            </param>
            <param index="8">
              <value>
                <![CDATA[true]]>
              </value>
            </param>
            <param index="9">
              <value>
                <![CDATA[true]]>
              </value>
            </param>
            <param index="10">
              <value>
                <![CDATA[true]]>
              </value>
            </param>
            <param index="11">
              <value>
                <![CDATA[true]]>
              </value>
            </param>
            <param index="12">
              <value>
                <![CDATA[true]]>
              </value>
            </param>
            <param index="13">
              <value>
                <![CDATA[true]]>
              </value>
            </param>
            <param index="14">
              <value>
                <![CDATA[true]]>
              </value>
            </param>
            <param index="15">
              <value>
                <![CDATA[true]]>
              </value>
            </param>
            <param index="16">
              <value>
                <![CDATA[true]]>
              </value>
            </param>
            <param index="17">
              <value>
                <![CDATA[true]]>
              </value>
            </param>
            <param index="18">
              <value>
                <![CDATA[true]]>
              </value>
            </param>
            <param index="19">
              <value>
                <![CDATA[true]]>
              </value>
            </param>
            <param index="20">
              <value>
                <![CDATA[true]]>
              </value>
            </param>
            <param index="21">
              <value>
                <![CDATA[true]]>
              </value>
            </param>
            <param index="22">
              <value>
                <![CDATA[true]]>
              </value>
            </param>
            <param index="23">
              <value>
                <![CDATA[true]]>
              </value>
            </param>
            <param index="24">
              <value>
                <![CDATA[true]]>
              </value>
            </param>
            <param index="25">
              <value>
                <![CDATA[true]]>
              </value>
            </param>
            <param index="26">
              <value>
                <![CDATA[true]]>
              </value>
            </param>
            <param index="27">
              <value>
                <![CDATA[true]]>
              </value>
            </param>
            <param index="28">
              <value>
                <![CDATA[true]]>
              </value>
            </param>
            <param index="29">
              <value>
                <![CDATA[true]]>
              </value>
            </param>
            <param index="30">
              <value>
                <![CDATA[true]]>
              </value>
            </param>
            <param index="31">
              <value>
                <![CDATA[true]]>
              </value>
            </param>
            <param index="32">
              <value>
                <![CDATA[2020/05/11 15:57:47]]>
              </value>
            </param>
            <param index="33">
              <value>
                <![CDATA[2]]>
              </value>
            </param>
            <param index="34">
              <value>
                <![CDATA[NewBudgets189Update]]>
              </value>
            </param>
            <param index="35">
              <value>
                <![CDATA[33]]>
              </value>
            </param>
            <param index="36">
              <value>
                <![CDATA[45]]>
              </value>
            </param>
            <param index="37">
              <value>
                <![CDATA[54]]>
              </value>
            </param>
            <param index="38">
              <value>
                <![CDATA[45]]>
              </value>
            </param>
            <param index="39">
              <value>
                <![CDATA[99]]>
              </value>
            </param>
            <param index="40">
              <value>
                <![CDATA[99]]>
              </value>
            </param>
            <param index="41">
              <value>
                <![CDATA[99]]>
              </value>
            </param>
            <param index="42">
              <value>
                <![CDATA[99]]>
              </value>
            </param>
            <param index="43">
              <value>
                <![CDATA[offCampusOtherDesc11]]>
              </value>
            </param>
            <param index="44">
              <value>
                <![CDATA[offCampusOtherDesc22]]>
              </value>
            </param>
            <param index="45">
              <value>
                <![CDATA[offCampusOtherDesc33]]>
              </value>
            </param>
            <param index="46">
              <value>
                <![CDATA[offCampusOtherDesc45]]>
              </value>
            </param>
            <param index="47">
              <value>
                <![CDATA[offCampusOtherDesc54]]>
              </value>
            </param>
            <param index="48">
              <value>
                <![CDATA[offCampusOtherDesc66]]>
              </value>
            </param>
            <param index="49">
              <value>
                <![CDATA[offCampusOtherDesc77]]>
              </value>
            </param>
            <param index="50">
              <value>
                <![CDATA[offCampusOtherDesc88]]>
              </value>
            </param>
            <param index="51">
              <value>
                <![CDATA[2]]>
              </value>
            </param>
            <param index="52">
              <value>
                <![CDATA[3]]>
              </value>
            </param>
            <param index="53">
              <value>
                <![CDATA[11]]>
              </value>
            </param>
            <param index="54">
              <value>
                <![CDATA[22]]>
              </value>
            </param>
            <param index="55">
              <value>
                <![CDATA[33]]>
              </value>
            </param>
            <param index="56">
              <value>
                <![CDATA[45]]>
              </value>
            </param>
            <param index="57">
              <value>
                <![CDATA[54]]>
              </value>
            </param>
            <param index="58">
              <value>
                <![CDATA[66]]>
              </value>
            </param>
            <param index="59">
              <value>
                <![CDATA[77]]>
              </value>
            </param>
            <param index="60">
              <value>
                <![CDATA[88]]>
              </value>
            </param>
            <param index="61">
              <value>
                <![CDATA[onCampusOtherDesc11]]>
              </value>
            </param>
            <param index="62">
              <value>
                <![CDATA[onCampusOtherDesc22]]>
              </value>
            </param>
            <param index="63">
              <value>
                <![CDATA[onCampusOtherDesc33]]>
              </value>
            </param>
            <param index="64">
              <value>
                <![CDATA[onCampusOtherDesc45]]>
              </value>
            </param>
            <param index="65">
              <value>
                <![CDATA[onCampusOtherDesc54]]>
              </value>
            </param>
            <param index="66">
              <value>
                <![CDATA[onCampusOtherDesc66]]>
              </value>
            </param>
            <param index="67">
              <value>
                <![CDATA[onCampusOtherDesc77]]>
              </value>
            </param>
            <param index="68">
              <value>
                <![CDATA[onCampusOtherDesc88]]>
              </value>
            </param>
            <param index="69">
              <value>
                <![CDATA[45]]>
              </value>
            </param>
            <param index="70">
              <value>
                <![CDATA[54]]>
              </value>
            </param>
            <param index="71">
              <value>
                <![CDATA[11]]>
              </value>
            </param>
            <param index="72">
              <value>
                <![CDATA[22]]>
              </value>
            </param>
            <param index="73">
              <value>
                <![CDATA[33]]>
              </value>
            </param>
            <param index="74">
              <value>
                <![CDATA[45]]>
              </value>
            </param>
            <param index="75">
              <value>
                <![CDATA[54]]>
              </value>
            </param>
            <param index="76">
              <value>
                <![CDATA[66]]>
              </value>
            </param>
            <param index="77">
              <value>
                <![CDATA[77]]>
              </value>
            </param>
            <param index="78">
              <value>
                <![CDATA[88]]>
              </value>
            </param>
            <param index="79">
              <value>
                <![CDATA[otherDesc11]]>
              </value>
            </param>
            <param index="80">
              <value>
                <![CDATA[otherDesc22]]>
              </value>
            </param>
            <param index="81">
              <value>
                <![CDATA[otherDesc33]]>
              </value>
            </param>
            <param index="82">
              <value>
                <![CDATA[otherDesc45]]>
              </value>
            </param>
            <param index="83">
              <value>
                <![CDATA[otherDesc54]]>
              </value>
            </param>
            <param index="84">
              <value>
                <![CDATA[otherDesc66]]>
              </value>
            </param>
            <param index="85">
              <value>
                <![CDATA[otherDesc77]]>
              </value>
            </param>
            <param index="86">
              <value>
                <![CDATA[otherDesc88]]>
              </value>
            </param>
            <param index="87">
              <value>
                <![CDATA[45]]>
              </value>
            </param>
            <param index="88">
              <value>
                <![CDATA[54]]>
              </value>
            </param>
            <param index="89">
              <value>
                <![CDATA[66]]>
              </value>
            </param>
            <param index="90">
              <value>
                <![CDATA[false]]>
              </value>
            </param>
          </params>
          <reporter-output>
          </reporter-output>
        </test-method> <!-- EditRecordBudgets -->
        <test-method status="PASS" signature="Setup()[pri:0, instance:com.student.TestCases.TC002_BudgetsCRUDTestCase@1e7c7811]" name="Setup" is-config="true" duration-ms="2" started-at="2020-05-12T12:47:24Z" finished-at="2020-05-12T12:47:24Z">
          <reporter-output>
          </reporter-output>
        </test-method> <!-- Setup -->
        <test-method status="PASS" signature="GetDeleteBudgets()[pri:4, instance:com.student.TestCases.TC002_BudgetsCRUDTestCase@1e7c7811]" name="GetDeleteBudgets" duration-ms="596" started-at="2020-05-12T12:47:24Z" finished-at="2020-05-12T12:47:24Z">
          <reporter-output>
          </reporter-output>
        </test-method> <!-- GetDeleteBudgets -->
        <test-method status="PASS" signature="Setup()[pri:0, instance:com.student.TestCases.TC002_BudgetsCRUDTestCase@1e7c7811]" name="Setup" is-config="true" duration-ms="1" started-at="2020-05-12T12:47:25Z" finished-at="2020-05-12T12:47:25Z">
          <reporter-output>
          </reporter-output>
        </test-method> <!-- Setup -->
        <test-method status="PASS" signature="DeleteRecordBudgets(java.lang.String, java.lang.String, java.lang.String, java.lang.String, java.lang.String, java.lang.String, java.lang.String, java.lang.String, java.lang.String, java.lang.String, java.lang.String, java.lang.String, java.lang.String, java.lang.String, java.lang.String, java.lang.String, java.lang.String, java.lang.String, java.lang.String, java.lang.String, java.lang.String, java.lang.String, java.lang.String, java.lang.String, java.lang.String, java.lang.String, java.lang.String, java.lang.String, java.lang.String, java.lang.String, java.lang.String, java.lang.String, java.lang.String, java.lang.String, java.lang.String, java.lang.String, java.lang.String, java.lang.String, java.lang.String, java.lang.String, java.lang.String, java.lang.String, java.lang.String, java.lang.String, java.lang.String, java.lang.String, java.lang.String, java.lang.String, java.lang.String, java.lang.String, java.lang.String, java.lang.String, java.lang.String, java.lang.String, java.lang.String, java.lang.String, java.lang.String, java.lang.String, java.lang.String, java.lang.String, java.lang.String, java.lang.String, java.lang.String, java.lang.String, java.lang.String, java.lang.String, java.lang.String, java.lang.String, java.lang.String, java.lang.String, java.lang.String, java.lang.String, java.lang.String, java.lang.String, java.lang.String, java.lang.String, java.lang.String, java.lang.String, java.lang.String, java.lang.String, java.lang.String, java.lang.String, java.lang.String, java.lang.String, java.lang.String, java.lang.String, java.lang.String, java.lang.String, java.lang.String, java.lang.String, java.lang.String)[pri:5, instance:com.student.TestCases.TC002_BudgetsCRUDTestCase@1e7c7811]" name="DeleteRecordBudgets" duration-ms="679" started-at="2020-05-12T12:47:25Z" data-provider="setEditData" finished-at="2020-05-12T12:47:26Z">
          <params>
            <param index="0">
              <value>
                <![CDATA[-1]]>
              </value>
            </param>
            <param index="1">
              <value>
                <![CDATA[2]]>
              </value>
            </param>
            <param index="2">
              <value>
                <![CDATA[516208]]>
              </value>
            </param>
            <param index="3">
              <value>
                <![CDATA[CodeUpda]]>
              </value>
            </param>
            <param index="4">
              <value>
                <![CDATA[2020/05/11 15:57:47]]>
              </value>
            </param>
            <param index="5">
              <value>
                <![CDATA[B]]>
              </value>
            </param>
            <param index="6">
              <value>
                <![CDATA[true]]>
              </value>
            </param>
            <param index="7">
              <value>
                <![CDATA[true]]>
              </value>
            </param>
            <param index="8">
              <value>
                <![CDATA[true]]>
              </value>
            </param>
            <param index="9">
              <value>
                <![CDATA[true]]>
              </value>
            </param>
            <param index="10">
              <value>
                <![CDATA[true]]>
              </value>
            </param>
            <param index="11">
              <value>
                <![CDATA[true]]>
              </value>
            </param>
            <param index="12">
              <value>
                <![CDATA[true]]>
              </value>
            </param>
            <param index="13">
              <value>
                <![CDATA[true]]>
              </value>
            </param>
            <param index="14">
              <value>
                <![CDATA[true]]>
              </value>
            </param>
            <param index="15">
              <value>
                <![CDATA[true]]>
              </value>
            </param>
            <param index="16">
              <value>
                <![CDATA[true]]>
              </value>
            </param>
            <param index="17">
              <value>
                <![CDATA[true]]>
              </value>
            </param>
            <param index="18">
              <value>
                <![CDATA[true]]>
              </value>
            </param>
            <param index="19">
              <value>
                <![CDATA[true]]>
              </value>
            </param>
            <param index="20">
              <value>
                <![CDATA[true]]>
              </value>
            </param>
            <param index="21">
              <value>
                <![CDATA[true]]>
              </value>
            </param>
            <param index="22">
              <value>
                <![CDATA[true]]>
              </value>
            </param>
            <param index="23">
              <value>
                <![CDATA[true]]>
              </value>
            </param>
            <param index="24">
              <value>
                <![CDATA[true]]>
              </value>
            </param>
            <param index="25">
              <value>
                <![CDATA[true]]>
              </value>
            </param>
            <param index="26">
              <value>
                <![CDATA[true]]>
              </value>
            </param>
            <param index="27">
              <value>
                <![CDATA[true]]>
              </value>
            </param>
            <param index="28">
              <value>
                <![CDATA[true]]>
              </value>
            </param>
            <param index="29">
              <value>
                <![CDATA[true]]>
              </value>
            </param>
            <param index="30">
              <value>
                <![CDATA[true]]>
              </value>
            </param>
            <param index="31">
              <value>
                <![CDATA[true]]>
              </value>
            </param>
            <param index="32">
              <value>
                <![CDATA[2020/05/11 15:57:47]]>
              </value>
            </param>
            <param index="33">
              <value>
                <![CDATA[2]]>
              </value>
            </param>
            <param index="34">
              <value>
                <![CDATA[NewBudgets189Update]]>
              </value>
            </param>
            <param index="35">
              <value>
                <![CDATA[33]]>
              </value>
            </param>
            <param index="36">
              <value>
                <![CDATA[45]]>
              </value>
            </param>
            <param index="37">
              <value>
                <![CDATA[54]]>
              </value>
            </param>
            <param index="38">
              <value>
                <![CDATA[45]]>
              </value>
            </param>
            <param index="39">
              <value>
                <![CDATA[99]]>
              </value>
            </param>
            <param index="40">
              <value>
                <![CDATA[99]]>
              </value>
            </param>
            <param index="41">
              <value>
                <![CDATA[99]]>
              </value>
            </param>
            <param index="42">
              <value>
                <![CDATA[99]]>
              </value>
            </param>
            <param index="43">
              <value>
                <![CDATA[offCampusOtherDesc11]]>
              </value>
            </param>
            <param index="44">
              <value>
                <![CDATA[offCampusOtherDesc22]]>
              </value>
            </param>
            <param index="45">
              <value>
                <![CDATA[offCampusOtherDesc33]]>
              </value>
            </param>
            <param index="46">
              <value>
                <![CDATA[offCampusOtherDesc45]]>
              </value>
            </param>
            <param index="47">
              <value>
                <![CDATA[offCampusOtherDesc54]]>
              </value>
            </param>
            <param index="48">
              <value>
                <![CDATA[offCampusOtherDesc66]]>
              </value>
            </param>
            <param index="49">
              <value>
                <![CDATA[offCampusOtherDesc77]]>
              </value>
            </param>
            <param index="50">
              <value>
                <![CDATA[offCampusOtherDesc88]]>
              </value>
            </param>
            <param index="51">
              <value>
                <![CDATA[2]]>
              </value>
            </param>
            <param index="52">
              <value>
                <![CDATA[3]]>
              </value>
            </param>
            <param index="53">
              <value>
                <![CDATA[11]]>
              </value>
            </param>
            <param index="54">
              <value>
                <![CDATA[22]]>
              </value>
            </param>
            <param index="55">
              <value>
                <![CDATA[33]]>
              </value>
            </param>
            <param index="56">
              <value>
                <![CDATA[45]]>
              </value>
            </param>
            <param index="57">
              <value>
                <![CDATA[54]]>
              </value>
            </param>
            <param index="58">
              <value>
                <![CDATA[66]]>
              </value>
            </param>
            <param index="59">
              <value>
                <![CDATA[77]]>
              </value>
            </param>
            <param index="60">
              <value>
                <![CDATA[88]]>
              </value>
            </param>
            <param index="61">
              <value>
                <![CDATA[onCampusOtherDesc11]]>
              </value>
            </param>
            <param index="62">
              <value>
                <![CDATA[onCampusOtherDesc22]]>
              </value>
            </param>
            <param index="63">
              <value>
                <![CDATA[onCampusOtherDesc33]]>
              </value>
            </param>
            <param index="64">
              <value>
                <![CDATA[onCampusOtherDesc45]]>
              </value>
            </param>
            <param index="65">
              <value>
                <![CDATA[onCampusOtherDesc54]]>
              </value>
            </param>
            <param index="66">
              <value>
                <![CDATA[onCampusOtherDesc66]]>
              </value>
            </param>
            <param index="67">
              <value>
                <![CDATA[onCampusOtherDesc77]]>
              </value>
            </param>
            <param index="68">
              <value>
                <![CDATA[onCampusOtherDesc88]]>
              </value>
            </param>
            <param index="69">
              <value>
                <![CDATA[45]]>
              </value>
            </param>
            <param index="70">
              <value>
                <![CDATA[54]]>
              </value>
            </param>
            <param index="71">
              <value>
                <![CDATA[11]]>
              </value>
            </param>
            <param index="72">
              <value>
                <![CDATA[22]]>
              </value>
            </param>
            <param index="73">
              <value>
                <![CDATA[33]]>
              </value>
            </param>
            <param index="74">
              <value>
                <![CDATA[45]]>
              </value>
            </param>
            <param index="75">
              <value>
                <![CDATA[54]]>
              </value>
            </param>
            <param index="76">
              <value>
                <![CDATA[66]]>
              </value>
            </param>
            <param index="77">
              <value>
                <![CDATA[77]]>
              </value>
            </param>
            <param index="78">
              <value>
                <![CDATA[88]]>
              </value>
            </param>
            <param index="79">
              <value>
                <![CDATA[otherDesc11]]>
              </value>
            </param>
            <param index="80">
              <value>
                <![CDATA[otherDesc22]]>
              </value>
            </param>
            <param index="81">
              <value>
                <![CDATA[otherDesc33]]>
              </value>
            </param>
            <param index="82">
              <value>
                <![CDATA[otherDesc45]]>
              </value>
            </param>
            <param index="83">
              <value>
                <![CDATA[otherDesc54]]>
              </value>
            </param>
            <param index="84">
              <value>
                <![CDATA[otherDesc66]]>
              </value>
            </param>
            <param index="85">
              <value>
                <![CDATA[otherDesc77]]>
              </value>
            </param>
            <param index="86">
              <value>
                <![CDATA[otherDesc88]]>
              </value>
            </param>
            <param index="87">
              <value>
                <![CDATA[45]]>
              </value>
            </param>
            <param index="88">
              <value>
                <![CDATA[54]]>
              </value>
            </param>
            <param index="89">
              <value>
                <![CDATA[66]]>
              </value>
            </param>
            <param index="90">
              <value>
                <![CDATA[false]]>
              </value>
            </param>
          </params>
          <reporter-output>
          </reporter-output>
        </test-method> <!-- DeleteRecordBudgets -->
      </class> <!-- com.student.TestCases.TC002_BudgetsCRUDTestCase -->
    </test> <!-- Command line test -->
  </suite> <!-- Command line suite -->
</testng-results>
