<?xml version="1.0" encoding="UTF-8"?>
<!-- Generated by org.testng.reporters.JUnitXMLReporter -->
<testsuite hostname="LPTIN453" name="StudentInfromation" tests="11" failures="0" timestamp="13 May 2020 14:35:28 GMT" time="8.306" errors="0">
  <testcase name="CreateVisaType" time="2.016" classname="com.student.TestCases.TC001_VisaTypeCRUDTestCase"/>
  <testcase name="CodeValidationinewNewMode" time="0.539" classname="com.student.TestCases.TC001_VisaTypeCRUDTestCase"/>
  <testcase name="GetforEditVisaType" time="0.612" classname="com.student.TestCases.TC001_VisaTypeCRUDTestCase"/>
  <testcase name="EditVisaType" time="0.616" classname="com.student.TestCases.TC001_VisaTypeCRUDTestCase"/>
  <testcase name="GetforDeleteVisaType" time="0.594" classname="com.student.TestCases.TC001_VisaTypeCRUDTestCase"/>
  <testcase name="DeleteVisaType" time="0.548" classname="com.student.TestCases.TC001_VisaTypeCRUDTestCase"/>
  <testcase name="CreateRecordBudgets" time="0.599" classname="com.student.TestCases.TC002_BudgetsCRUDTestCase"/>
  <testcase name="GetEditBudgets" time="0.594" classname="com.student.TestCases.TC002_BudgetsCRUDTestCase"/>
  <testcase name="EditRecordBudgets" time="0.598" classname="com.student.TestCases.TC002_BudgetsCRUDTestCase"/>
  <testcase name="GetDeleteBudgets" time="0.513" classname="com.student.TestCases.TC002_BudgetsCRUDTestCase"/>
  <testcase name="DeleteRecordBudgets" time="0.592" classname="com.student.TestCases.TC002_BudgetsCRUDTestCase"/>
</testsuite> <!-- StudentInfromation -->
