<?xml version="1.0" encoding="UTF-8"?>
<!-- Generated by org.testng.reporters.JUnitXMLReporter -->
<testsuite hostname="LPTIN453" ignored="0" name="StudentInfromation" tests="70" failures="0" timestamp="2020-06-05T00:45:00 IST" time="361.706" errors="0">
  <testcase name="CreateCampus" time="3.135" classname="Setting.FinancialAid.TestCases.TC007_CampusesECRUDTestCases"/>
  <testcase name="GetCampus" time="0.838" classname="Setting.FinancialAid.TestCases.TC007_CampusesECRUDTestCases"/>
  <testcase name="EditCampus" time="0.958" classname="Setting.FinancialAid.TestCases.TC007_CampusesECRUDTestCases"/>
  <testcase name="DeleteCampus" time="6.218" classname="Setting.FinancialAid.TestCases.TC007_CampusesECRUDTestCases"/>
  <testcase name="CreateVisaType" time="0.849" classname="Configuration.ContactManager.TestCases.TC001_VisaTypeCRUDTestCase"/>
  <testcase name="CodeValidationinewNewMode" time="0.777" classname="Configuration.ContactManager.TestCases.TC001_VisaTypeCRUDTestCase"/>
  <testcase name="GetforEditVisaType" time="0.831" classname="Configuration.ContactManager.TestCases.TC001_VisaTypeCRUDTestCase"/>
  <testcase name="EditVisaType" time="0.77" classname="Configuration.ContactManager.TestCases.TC001_VisaTypeCRUDTestCase"/>
  <testcase name="GetforDeleteVisaType" time="0.653" classname="Configuration.ContactManager.TestCases.TC001_VisaTypeCRUDTestCase"/>
  <testcase name="DeleteVisaType" time="0.82" classname="Configuration.ContactManager.TestCases.TC001_VisaTypeCRUDTestCase"/>
  <testcase name="CreateRecordBudgets" time="7.242" classname="Configuration.FinancialAid.TestCases.TC002_BudgetsCRUDTestCase"/>
  <testcase name="GetEditBudgets" time="0.892" classname="Configuration.FinancialAid.TestCases.TC002_BudgetsCRUDTestCase"/>
  <testcase name="EditRecordBudgets" time="0.723" classname="Configuration.FinancialAid.TestCases.TC002_BudgetsCRUDTestCase"/>
  <testcase name="GetDeleteBudgets" time="0.639" classname="Configuration.FinancialAid.TestCases.TC002_BudgetsCRUDTestCase"/>
  <testcase name="DeleteRecordBudgets" time="0.702" classname="Configuration.FinancialAid.TestCases.TC002_BudgetsCRUDTestCase"/>
  <testcase name="CreatefaSAPStatus" time="0.813" classname="Configuration.FinancialAid.TestCases.TC003_SAPStatusCRUDTestCases"/>
  <testcase name="CreateCodeAlreadyExistsValidationfaSAPStatus" time="0.623" classname="Configuration.FinancialAid.TestCases.TC003_SAPStatusCRUDTestCases"/>
  <testcase name="GetEditModefaSAPStatus" time="0.646" classname="Configuration.FinancialAid.TestCases.TC003_SAPStatusCRUDTestCases"/>
  <testcase name="EditfaSAPStatus" time="51.369" classname="Configuration.FinancialAid.TestCases.TC003_SAPStatusCRUDTestCases"/>
  <testcase name="GetDeletefaSAPStatus" time="0.598" classname="Configuration.FinancialAid.TestCases.TC003_SAPStatusCRUDTestCases"/>
  <testcase name="DeletefaSAPStatus" time="0.687" classname="Configuration.FinancialAid.TestCases.TC003_SAPStatusCRUDTestCases"/>
  <testcase name="CreateNewGroups" time="0.859" classname="Configuration.FinancialAid.TestCases.TC005_Groups"/>
  <testcase name="GetEditGroups" time="1.157" classname="Configuration.FinancialAid.TestCases.TC005_Groups"/>
  <testcase name="EditGroupsandAddStudentMember" time="0.959" classname="Configuration.FinancialAid.TestCases.TC005_Groups"/>
  <testcase name="GetDeleteGroups" time="0.688" classname="Configuration.FinancialAid.TestCases.TC005_Groups"/>
  <testcase name="DeleteGroupsandAddStudentMember" time="0.798" classname="Configuration.FinancialAid.TestCases.TC005_Groups"/>
  <testcase name="CreatefaSAPStatus" time="0.881" classname="Configuration.FinancialAid.TestCases.TC004_faSAPPoliciesandPloicyDetailsCRUDTestCases"/>
  <testcase name="CreateNewGroups" time="0.725" classname="Configuration.FinancialAid.TestCases.TC004_faSAPPoliciesandPloicyDetailsCRUDTestCases"/>
  <testcase name="CreateSAPPolicies" time="0.829" classname="Configuration.FinancialAid.TestCases.TC004_faSAPPoliciesandPloicyDetailsCRUDTestCases"/>
  <testcase name="GetEditSAPPolicies" time="0.692" classname="Configuration.FinancialAid.TestCases.TC004_faSAPPoliciesandPloicyDetailsCRUDTestCases"/>
  <testcase name="EditSAPPolicies" time="0.631" classname="Configuration.FinancialAid.TestCases.TC004_faSAPPoliciesandPloicyDetailsCRUDTestCases"/>
  <testcase name="GetDeleteSAPPolicies" time="2.645" classname="Configuration.FinancialAid.TestCases.TC004_faSAPPoliciesandPloicyDetailsCRUDTestCases"/>
  <testcase name="DeleteAPPolicies" time="6.442" classname="Configuration.FinancialAid.TestCases.TC004_faSAPPoliciesandPloicyDetailsCRUDTestCases"/>
  <testcase name="GetDeleteGroups" time="0.55" classname="Configuration.FinancialAid.TestCases.TC004_faSAPPoliciesandPloicyDetailsCRUDTestCases"/>
  <testcase name="DeleteGroupsandAddStudentMember" time="0.67" classname="Configuration.FinancialAid.TestCases.TC004_faSAPPoliciesandPloicyDetailsCRUDTestCases"/>
  <testcase name="GetDeletefaSAPStatus" time="0.634" classname="Configuration.FinancialAid.TestCases.TC004_faSAPPoliciesandPloicyDetailsCRUDTestCases"/>
  <testcase name="DeletefaSAPStatus" time="3.868" classname="Configuration.FinancialAid.TestCases.TC004_faSAPPoliciesandPloicyDetailsCRUDTestCases"/>
  <testcase name="CreateAcademicYear" time="1.229" classname="Configuration.AcademicRecords.TestCases.TC006_FAAcademicYearCRUDTestCases"/>
  <testcase name="getAcademicYear" time="1.14" classname="Configuration.AcademicRecords.TestCases.TC006_FAAcademicYearCRUDTestCases"/>
  <testcase name="EditAcademicYear" time="0.855" classname="Configuration.AcademicRecords.TestCases.TC006_FAAcademicYearCRUDTestCases"/>
  <testcase name="getDeleteAcademicYear" time="3.034" classname="Configuration.AcademicRecords.TestCases.TC006_FAAcademicYearCRUDTestCases"/>
  <testcase name="DeleteAcademicYear" time="6.295" classname="Configuration.AcademicRecords.TestCases.TC006_FAAcademicYearCRUDTestCases"/>
  <testcase name="CreateTerms" time="5.98" classname="Configuration.AcademicRecords.TestCases.TC009_TermsCRUDTestCases"/>
  <testcase name="CreateTerms" time="0.763" classname="Configuration.AcademicRecords.TestCases.TC009_TermsCRUDTestCases"/>
  <testcase name="CreateTerms" time="0.785" classname="Configuration.AcademicRecords.TestCases.TC009_TermsCRUDTestCases"/>
  <testcase name="CreateTerms" time="1.064" classname="Configuration.AcademicRecords.TestCases.TC009_TermsCRUDTestCases"/>
  <testcase name="EditTerms" time="2.58" classname="Configuration.AcademicRecords.TestCases.TC009_TermsCRUDTestCases"/>
  <testcase name="EditTerms" time="2.635" classname="Configuration.AcademicRecords.TestCases.TC009_TermsCRUDTestCases"/>
  <testcase name="EditTerms" time="2.719" classname="Configuration.AcademicRecords.TestCases.TC009_TermsCRUDTestCases"/>
  <testcase name="EditTerms" time="1.409" classname="Configuration.AcademicRecords.TestCases.TC009_TermsCRUDTestCases"/>
  <testcase name="DeleteTerms" time="120.551" classname="Configuration.AcademicRecords.TestCases.TC009_TermsCRUDTestCases"/>
  <testcase name="CreateAdPrograms" time="8.876" classname="Configuration.AcademicRecords.TestCases.TC011_AdPrograms"/>
  <testcase name="CreateAdPrograms" time="4.685" classname="Configuration.AcademicRecords.TestCases.TC011_AdPrograms"/>
  <testcase name="CodeAlreadyExistsValidationAdPrograms" time="1.383" classname="Configuration.AcademicRecords.TestCases.TC011_AdPrograms"/>
  <testcase name="CodeAlreadyExistsValidationAdPrograms" time="6.618" classname="Configuration.AcademicRecords.TestCases.TC011_AdPrograms"/>
  <testcase name="GetandDeleteAdPrograms" time="2.343" classname="Configuration.AcademicRecords.TestCases.TC011_AdPrograms"/>
  <testcase name="GetandDeleteAdPrograms" time="1.84" classname="Configuration.AcademicRecords.TestCases.TC011_AdPrograms"/>
  <testcase name="CreateProgramVersion" time="3.059" classname="Configuration.AcademicRecords.TestCases.TC012_AdAdProgramVersionsCRUDTestCase"/>
  <testcase name="CreateProgramVersion" time="0.881" classname="Configuration.AcademicRecords.TestCases.TC012_AdAdProgramVersionsCRUDTestCase"/>
  <testcase name="EditandGetProgramVersion" time="9.679" classname="Configuration.AcademicRecords.TestCases.TC012_AdAdProgramVersionsCRUDTestCase"/>
  <testcase name="EditandGetProgramVersion" time="18.489" classname="Configuration.AcademicRecords.TestCases.TC012_AdAdProgramVersionsCRUDTestCase"/>
  <testcase name="DeleteGetProgramVersion" time="6.638" classname="Configuration.AcademicRecords.TestCases.TC012_AdAdProgramVersionsCRUDTestCase"/>
  <testcase name="DeleteGetProgramVersion" time="1.641" classname="Configuration.AcademicRecords.TestCases.TC012_AdAdProgramVersionsCRUDTestCase"/>
  <testcase name="CreateProgramVersion" time="1.979" classname="Setting.FinancialAid.TestCases.TC001_FAProgramVersionsCRUDTestCases"/>
  <testcase name="CreateProgramVersion" time="0.64" classname="Setting.FinancialAid.TestCases.TC001_FAProgramVersionsCRUDTestCases"/>
  <testcase name="CreateFAProgramVersionsWithTermaAsscoationValidatione" time="7.549" classname="Setting.FinancialAid.TestCases.TC001_FAProgramVersionsCRUDTestCases"/>
  <testcase name="CreateFAProgramVersionsWithTermaAsscoationValidatione" time="2.297" classname="Setting.FinancialAid.TestCases.TC001_FAProgramVersionsCRUDTestCases"/>
  <testcase name="CreateFAProgramVersions" time="7.146" classname="Setting.FinancialAid.TestCases.TC001_FAProgramVersionsCRUDTestCases"/>
  <testcase name="CreateFAProgramVersions" time="3.108" classname="Setting.FinancialAid.TestCases.TC001_FAProgramVersionsCRUDTestCases"/>
  <testcase name="DeleteFAProgramVesrions" time="3.559" classname="Setting.FinancialAid.TestCases.TC001_FAProgramVersionsCRUDTestCases"/>
</testsuite> <!-- StudentInfromation -->
