<?xml version="1.0" encoding="UTF-8"?>
<testng-results skipped="0" failed="0" ignored="0" total="4" passed="4">
  <reporter-output>
  </reporter-output>
  <suite name="Default suite" duration-ms="11102" started-at="2020-05-31T01:27:12 IST" finished-at="2020-05-31T01:27:23 IST">
    <groups>
    </groups>
    <test name="Default test" duration-ms="11102" started-at="2020-05-31T01:27:12 IST" finished-at="2020-05-31T01:27:23 IST">
      <class name="com.student.Configuration.TestCases.TC011_AdPrograms">
        <test-method status="PASS" signature="SetUp()[pri:0, instance:com.student.Configuration.TestCases.TC011_AdPrograms@52aa2946]" name="SetUp" is-config="true" duration-ms="400" started-at="2020-05-31T01:27:12 IST" finished-at="2020-05-31T01:27:12 IST">
          <reporter-output>
          </reporter-output>
        </test-method> <!-- SetUp -->
        <test-method status="PASS" signature="CreateAdPrograms(java.lang.String, java.lang.String, java.lang.String, java.lang.String, java.lang.String, java.lang.String, java.lang.String, java.lang.String, java.lang.String)[pri:1, instance:com.student.Configuration.TestCases.TC011_AdPrograms@52aa2946]" name="CreateAdPrograms" duration-ms="3835" started-at="2020-05-31T01:27:12 IST" data-provider="setNewProgramsData" finished-at="2020-05-31T01:27:16 IST">
          <params>
            <param index="0">
              <value>
                <![CDATA[01.00]]>
              </value>
            </param>
            <param index="1">
              <value>
                <![CDATA[!!!!!!!!!!!NewPrograms]]>
              </value>
            </param>
            <param index="2">
              <value>
                <![CDATA[!!!NEW]]>
              </value>
            </param>
            <param index="3">
              <value>
                <![CDATA[TRUE]]>
              </value>
            </param>
            <param index="4">
              <value>
                <![CDATA[FALSE]]>
              </value>
            </param>
            <param index="5">
              <value>
                <![CDATA[TRUE]]>
              </value>
            </param>
            <param index="6">
              <value>
                <![CDATA[FALSE]]>
              </value>
            </param>
            <param index="7">
              <value>
                <![CDATA[FALSE]]>
              </value>
            </param>
            <param index="8">
              <value>
                <![CDATA[TRUE]]>
              </value>
            </param>
          </params>
          <reporter-output>
          </reporter-output>
        </test-method> <!-- CreateAdPrograms -->
        <test-method status="PASS" signature="SetUp()[pri:0, instance:com.student.Configuration.TestCases.TC011_AdPrograms@52aa2946]" name="SetUp" is-config="true" duration-ms="1" started-at="2020-05-31T01:27:16 IST" finished-at="2020-05-31T01:27:16 IST">
          <reporter-output>
          </reporter-output>
        </test-method> <!-- SetUp -->
        <test-method status="PASS" signature="CreateAdPrograms(java.lang.String, java.lang.String, java.lang.String, java.lang.String, java.lang.String, java.lang.String, java.lang.String, java.lang.String, java.lang.String)[pri:1, instance:com.student.Configuration.TestCases.TC011_AdPrograms@52aa2946]" name="CreateAdPrograms" duration-ms="2169" started-at="2020-05-31T01:27:16 IST" data-provider="setNewProgramsData" finished-at="2020-05-31T01:27:18 IST">
          <params>
            <param index="0">
              <value>
                <![CDATA[01.00]]>
              </value>
            </param>
            <param index="1">
              <value>
                <![CDATA[!!!!!!!!!!!!NewPrograms]]>
              </value>
            </param>
            <param index="2">
              <value>
                <![CDATA[!!!!NEW]]>
              </value>
            </param>
            <param index="3">
              <value>
                <![CDATA[TRUE]]>
              </value>
            </param>
            <param index="4">
              <value>
                <![CDATA[FALSE]]>
              </value>
            </param>
            <param index="5">
              <value>
                <![CDATA[TRUE]]>
              </value>
            </param>
            <param index="6">
              <value>
                <![CDATA[FALSE]]>
              </value>
            </param>
            <param index="7">
              <value>
                <![CDATA[FALSE]]>
              </value>
            </param>
            <param index="8">
              <value>
                <![CDATA[TRUE]]>
              </value>
            </param>
          </params>
          <reporter-output>
          </reporter-output>
        </test-method> <!-- CreateAdPrograms -->
        <test-method status="PASS" signature="SetUp()[pri:0, instance:com.student.Configuration.TestCases.TC011_AdPrograms@52aa2946]" name="SetUp" is-config="true" duration-ms="1" started-at="2020-05-31T01:27:18 IST" finished-at="2020-05-31T01:27:18 IST">
          <reporter-output>
          </reporter-output>
        </test-method> <!-- SetUp -->
        <test-method status="PASS" signature="CodeAlreadyExistsValidationAdPrograms(java.lang.String, java.lang.String, java.lang.String, java.lang.String, java.lang.String, java.lang.String, java.lang.String, java.lang.String, java.lang.String)[pri:2, instance:com.student.Configuration.TestCases.TC011_AdPrograms@52aa2946]" name="CodeAlreadyExistsValidationAdPrograms" duration-ms="2128" started-at="2020-05-31T01:27:18 IST" data-provider="setNewProgramsData" finished-at="2020-05-31T01:27:21 IST">
          <params>
            <param index="0">
              <value>
                <![CDATA[01.00]]>
              </value>
            </param>
            <param index="1">
              <value>
                <![CDATA[!!!!!!!!!!!NewPrograms]]>
              </value>
            </param>
            <param index="2">
              <value>
                <![CDATA[!!!NEW]]>
              </value>
            </param>
            <param index="3">
              <value>
                <![CDATA[TRUE]]>
              </value>
            </param>
            <param index="4">
              <value>
                <![CDATA[FALSE]]>
              </value>
            </param>
            <param index="5">
              <value>
                <![CDATA[TRUE]]>
              </value>
            </param>
            <param index="6">
              <value>
                <![CDATA[FALSE]]>
              </value>
            </param>
            <param index="7">
              <value>
                <![CDATA[FALSE]]>
              </value>
            </param>
            <param index="8">
              <value>
                <![CDATA[TRUE]]>
              </value>
            </param>
          </params>
          <reporter-output>
          </reporter-output>
        </test-method> <!-- CodeAlreadyExistsValidationAdPrograms -->
        <test-method status="PASS" signature="SetUp()[pri:0, instance:com.student.Configuration.TestCases.TC011_AdPrograms@52aa2946]" name="SetUp" is-config="true" duration-ms="2" started-at="2020-05-31T01:27:21 IST" finished-at="2020-05-31T01:27:21 IST">
          <reporter-output>
          </reporter-output>
        </test-method> <!-- SetUp -->
        <test-method status="PASS" signature="CodeAlreadyExistsValidationAdPrograms(java.lang.String, java.lang.String, java.lang.String, java.lang.String, java.lang.String, java.lang.String, java.lang.String, java.lang.String, java.lang.String)[pri:2, instance:com.student.Configuration.TestCases.TC011_AdPrograms@52aa2946]" name="CodeAlreadyExistsValidationAdPrograms" duration-ms="2080" started-at="2020-05-31T01:27:21 IST" data-provider="setNewProgramsData" finished-at="2020-05-31T01:27:23 IST">
          <params>
            <param index="0">
              <value>
                <![CDATA[01.00]]>
              </value>
            </param>
            <param index="1">
              <value>
                <![CDATA[!!!!!!!!!!!!NewPrograms]]>
              </value>
            </param>
            <param index="2">
              <value>
                <![CDATA[!!!!NEW]]>
              </value>
            </param>
            <param index="3">
              <value>
                <![CDATA[TRUE]]>
              </value>
            </param>
            <param index="4">
              <value>
                <![CDATA[FALSE]]>
              </value>
            </param>
            <param index="5">
              <value>
                <![CDATA[TRUE]]>
              </value>
            </param>
            <param index="6">
              <value>
                <![CDATA[FALSE]]>
              </value>
            </param>
            <param index="7">
              <value>
                <![CDATA[FALSE]]>
              </value>
            </param>
            <param index="8">
              <value>
                <![CDATA[TRUE]]>
              </value>
            </param>
          </params>
          <reporter-output>
          </reporter-output>
        </test-method> <!-- CodeAlreadyExistsValidationAdPrograms -->
      </class> <!-- com.student.Configuration.TestCases.TC011_AdPrograms -->
    </test> <!-- Default test -->
  </suite> <!-- Default suite -->
</testng-results>
