<?xml version="1.0" encoding="UTF-8"?>
<!-- Generated by org.testng.reporters.JUnitXMLReporter -->
<testsuite hostname="LPTIN453" name="Command line test" tests="6" failures="0" timestamp="11 May 2020 08:43:19 GMT" time="65.076" errors="0">
  <testcase name="CreateNewVisaType" time="60.629" classname="TestCases.TC001_VisaTypeCRUDTestCase"/>
  <testcase name="CreateVerifyingCodeValidationinewNewMode" time="0.698" classname="TestCases.TC001_VisaTypeCRUDTestCase"/>
  <testcase name="EditGetVisaType" time="0.793" classname="TestCases.TC001_VisaTypeCRUDTestCase"/>
  <testcase name="EditVisaType" time="0.862" classname="TestCases.TC001_VisaTypeCRUDTestCase"/>
  <testcase name="DeleteGetVisaType" time="0.701" classname="TestCases.TC001_VisaTypeCRUDTestCase"/>
  <testcase name="DeleteVisaType" time="0.81" classname="TestCases.TC001_VisaTypeCRUDTestCase"/>
</testsuite> <!-- Command line test -->
